<?xml version="1.0" encoding="UTF-8"?>
<!-- Generated by org.testng.reporters.JUnitXMLReporter -->
<testsuite hostname="Mamun79s-MBP.fios-router.home" ignored="0" name="Default test" tests="3" failures="0" timestamp="18 May 2019 03:51:49 GMT" time="0.033" errors="0">
  <testcase name="loginTest" time="0.007" classname="com.testNGDataProvider.com.DataProviderDemo"/>
  <testcase name="loginTest" time="0.001" classname="com.testNGDataProvider.com.DataProviderDemo"/>
  <testcase name="loginTest" time="0.001" classname="com.testNGDataProvider.com.DataProviderDemo"/>
</testsuite> <!-- Default test -->
