<?xml version="1.0" encoding="UTF-8"?>
<testng-results skipped="0" failed="0" ignored="0" total="3" passed="3">
  <reporter-output>
  </reporter-output>
  <suite name="Default suite" duration-ms="33" started-at="2019-05-18T03:51:49Z" finished-at="2019-05-18T03:51:49Z">
    <groups>
    </groups>
    <test name="Default test" duration-ms="33" started-at="2019-05-18T03:51:49Z" finished-at="2019-05-18T03:51:49Z">
      <class name="com.testNGDataProvider.com.DataProviderDemo">
        <test-method status="PASS" signature="loginTest(java.lang.String, java.lang.String)[pri:0, instance:com.testNGDataProvider.com.DataProviderDemo@6d00a15d]" name="loginTest" duration-ms="7" started-at="2019-05-18T03:51:49Z" data-provider="LoginDataProvider" finished-at="2019-05-18T03:51:49Z">
          <params>
            <param index="0">
              <value>
                <![CDATA[shifa@gmail.com]]>
              </value>
            </param>
            <param index="1">
              <value>
                <![CDATA[abc]]>
              </value>
            </param>
          </params>
          <reporter-output>
          </reporter-output>
        </test-method> <!-- loginTest -->
        <test-method status="PASS" signature="loginTest(java.lang.String, java.lang.String)[pri:0, instance:com.testNGDataProvider.com.DataProviderDemo@6d00a15d]" name="loginTest" duration-ms="1" started-at="2019-05-18T03:51:49Z" data-provider="LoginDataProvider" finished-at="2019-05-18T03:51:49Z">
          <params>
            <param index="0">
              <value>
                <![CDATA[salma@gmail.com]]>
              </value>
            </param>
            <param index="1">
              <value>
                <![CDATA[testng]]>
              </value>
            </param>
          </params>
          <reporter-output>
          </reporter-output>
        </test-method> <!-- loginTest -->
        <test-method status="PASS" signature="loginTest(java.lang.String, java.lang.String)[pri:0, instance:com.testNGDataProvider.com.DataProviderDemo@6d00a15d]" name="loginTest" duration-ms="1" started-at="2019-05-18T03:51:49Z" data-provider="LoginDataProvider" finished-at="2019-05-18T03:51:49Z">
          <params>
            <param index="0">
              <value>
                <![CDATA[shafee@gmail.com]]>
              </value>
            </param>
            <param index="1">
              <value>
                <![CDATA[xyz]]>
              </value>
            </param>
          </params>
          <reporter-output>
          </reporter-output>
        </test-method> <!-- loginTest -->
      </class> <!-- com.testNGDataProvider.com.DataProviderDemo -->
    </test> <!-- Default test -->
  </suite> <!-- Default suite -->
</testng-results>
